###############################################################################
#
# IAR C/C++ Compiler V9.20.1.2476 for 8051                17/Feb/2016  14:19:59
# Copyright 2004-2015 IAR Systems AB.
# Standalone license - IAR Embedded Workbench for 8051
#
#    Core               =  plain
#    Code model         =  banked
#    Data model         =  large
#    Calling convention =  xdata reentrant
#    Constant location  =  data_rom
#    Dptr setup         =  1,16
#                          
#    Source file        =  
#        E:\Sensordinges\Z-Stack Mesh 1.0.0\Z-Stack Mesh
#        1.0.0\Projects\zstack\Samples\DemoApp\Source\DemoSensor.c
#    Command line       =  
#        -f "E:\Sensordinges\Z-Stack Mesh 1.0.0\Z-Stack Mesh
#        1.0.0\Projects\zstack\Samples\DemoApp\CC2530DB\..\..\..\Tools\CC2530DB\f8wEndev.cfg"
#        (-DCPU32MHZ -DROOT=__near_func -DMAC_CFG_TX_DATA_MAX=3
#        -DMAC_CFG_TX_MAX=6 -DMAC_CFG_RX_MAX=3) -f "E:\Sensordinges\Z-Stack
#        Mesh 1.0.0\Z-Stack Mesh
#        1.0.0\Projects\zstack\Samples\DemoApp\CC2530DB\..\..\..\Tools\CC2530DB\f8wConfig.cfg"
#        (-DZIGBEEPRO -DSECURE=0 -DZG_SECURE_DYNAMIC=0 -DREFLECTOR
#        -DDEFAULT_CHANLIST=0x00008000 -DZDAPP_CONFIG_PAN_ID=0x0EEE
#        -DNWK_START_DELAY=100 -DEXTENDED_JOINING_RANDOM_MASK=0x007F
#        -DBEACON_REQUEST_DELAY=100 -DBEACON_REQ_DELAY_MASK=0x00FF
#        -DLINK_STATUS_JITTER_MASK=0x007F -DROUTE_EXPIRY_TIME=30
#        -DAPSC_ACK_WAIT_DURATION_POLLED=3000 -DNWK_INDIRECT_MSG_TIMEOUT=7
#        -DMAX_RREQ_ENTRIES=8 -DAPSC_MAX_FRAME_RETRIES=3
#        -DNWK_MAX_DATA_RETRIES=2 -DMAX_POLL_FAILURE_RETRIES=2 -DMAX_BCAST=9
#        -DAPS_MAX_GROUPS=16 -DMAX_RTG_ENTRIES=40 -DNWK_MAX_BINDING_ENTRIES=4
#        -DMAX_BINDING_CLUSTER_IDS=4 "-DDEFAULT_KEY={0x01, 0x03, 0x05, 0x07,
#        0x09, 0x0B, 0x0D, 0x0F, 0x00, 0x02, 0x04, 0x06, 0x08, 0x0A, 0x0C,
#        0x0D}" -DMAC_MAX_FRAME_SIZE=116 -DZDNWKMGR_MIN_TRANSMISSIONS=20
#        "-DCONST=const __code" -DGENERIC=__generic -DRFD_RCVC_ALWAYS_ON=FALSE
#        -DPOLL_RATE=1000 -DQUEUED_POLL_RATE=100 -DRESPONSE_POLL_RATE=100)
#        -DREJOIN_POLL_RATE=440 "E:\Sensordinges\Z-Stack Mesh 1.0.0\Z-Stack
#        Mesh 1.0.0\Projects\zstack\Samples\DemoApp\Source\DemoSensor.c" -D
#        NWK_AUTO_POLL -D HOLD_AUTO_START -D POWER_SAVING -D NV_INIT -D
#        DEVICE_LOGICAL_TYPE=ZG_DEVICETYPE_ENDDEVICE -lC
#        "E:\Sensordinges\Z-Stack Mesh 1.0.0\Z-Stack Mesh
#        1.0.0\Projects\zstack\Samples\DemoApp\CC2530DB\SensorEB\List\" -lA
#        "E:\Sensordinges\Z-Stack Mesh 1.0.0\Z-Stack Mesh
#        1.0.0\Projects\zstack\Samples\DemoApp\CC2530DB\SensorEB\List\"
#        --diag_suppress Pe001,Pa010,Pe1665 -o "E:\Sensordinges\Z-Stack Mesh
#        1.0.0\Z-Stack Mesh
#        1.0.0\Projects\zstack\Samples\DemoApp\CC2530DB\SensorEB\Obj\" -e
#        --debug --core=plain --dptr=16,1 --data_model=large
#        --code_model=banked --calling_convention=xdata_reentrant
#        --place_constants=data_rom --nr_virtual_regs 16 -I
#        "E:\Sensordinges\Z-Stack Mesh 1.0.0\Z-Stack Mesh
#        1.0.0\Projects\zstack\Samples\DemoApp\CC2530DB\" -I
#        "E:\Sensordinges\Z-Stack Mesh 1.0.0\Z-Stack Mesh
#        1.0.0\Projects\zstack\Samples\DemoApp\CC2530DB\..\Source\" -I
#        "E:\Sensordinges\Z-Stack Mesh 1.0.0\Z-Stack Mesh
#        1.0.0\Projects\zstack\Samples\DemoApp\CC2530DB\..\..\..\ZMain\TI2530DB\"
#        -I "E:\Sensordinges\Z-Stack Mesh 1.0.0\Z-Stack Mesh
#        1.0.0\Projects\zstack\Samples\DemoApp\CC2530DB\..\..\..\..\..\Components\hal\include\"
#        -I "E:\Sensordinges\Z-Stack Mesh 1.0.0\Z-Stack Mesh
#        1.0.0\Projects\zstack\Samples\DemoApp\CC2530DB\..\..\..\..\..\Components\hal\target\CC2530EB\"
#        -I "E:\Sensordinges\Z-Stack Mesh 1.0.0\Z-Stack Mesh
#        1.0.0\Projects\zstack\Samples\DemoApp\CC2530DB\..\..\..\..\..\Components\mac\include\"
#        -I "E:\Sensordinges\Z-Stack Mesh 1.0.0\Z-Stack Mesh
#        1.0.0\Projects\zstack\Samples\DemoApp\CC2530DB\..\..\..\..\..\Components\mac\high_level\"
#        -I "E:\Sensordinges\Z-Stack Mesh 1.0.0\Z-Stack Mesh
#        1.0.0\Projects\zstack\Samples\DemoApp\CC2530DB\..\..\..\..\..\Components\mac\low_level\srf04\"
#        -I "E:\Sensordinges\Z-Stack Mesh 1.0.0\Z-Stack Mesh
#        1.0.0\Projects\zstack\Samples\DemoApp\CC2530DB\..\..\..\..\..\Components\mac\low_level\srf04\single_chip\"
#        -I "E:\Sensordinges\Z-Stack Mesh 1.0.0\Z-Stack Mesh
#        1.0.0\Projects\zstack\Samples\DemoApp\CC2530DB\..\..\..\..\..\Components\mt\"
#        -I "E:\Sensordinges\Z-Stack Mesh 1.0.0\Z-Stack Mesh
#        1.0.0\Projects\zstack\Samples\DemoApp\CC2530DB\..\..\..\..\..\Components\osal\include\"
#        -I "E:\Sensordinges\Z-Stack Mesh 1.0.0\Z-Stack Mesh
#        1.0.0\Projects\zstack\Samples\DemoApp\CC2530DB\..\..\..\..\..\Components\services\saddr\"
#        -I "E:\Sensordinges\Z-Stack Mesh 1.0.0\Z-Stack Mesh
#        1.0.0\Projects\zstack\Samples\DemoApp\CC2530DB\..\..\..\..\..\Components\services\sdata\"
#        -I "E:\Sensordinges\Z-Stack Mesh 1.0.0\Z-Stack Mesh
#        1.0.0\Projects\zstack\Samples\DemoApp\CC2530DB\..\..\..\..\..\Components\stack\af\"
#        -I "E:\Sensordinges\Z-Stack Mesh 1.0.0\Z-Stack Mesh
#        1.0.0\Projects\zstack\Samples\DemoApp\CC2530DB\..\..\..\..\..\Components\stack\nwk\"
#        -I "E:\Sensordinges\Z-Stack Mesh 1.0.0\Z-Stack Mesh
#        1.0.0\Projects\zstack\Samples\DemoApp\CC2530DB\..\..\..\..\..\Components\stack\sapi\"
#        -I "E:\Sensordinges\Z-Stack Mesh 1.0.0\Z-Stack Mesh
#        1.0.0\Projects\zstack\Samples\DemoApp\CC2530DB\..\..\..\..\..\Components\stack\sec\"
#        -I "E:\Sensordinges\Z-Stack Mesh 1.0.0\Z-Stack Mesh
#        1.0.0\Projects\zstack\Samples\DemoApp\CC2530DB\..\..\..\..\..\Components\stack\sys\"
#        -I "E:\Sensordinges\Z-Stack Mesh 1.0.0\Z-Stack Mesh
#        1.0.0\Projects\zstack\Samples\DemoApp\CC2530DB\..\..\..\..\..\Components\stack\zdo\"
#        -I "E:\Sensordinges\Z-Stack Mesh 1.0.0\Z-Stack Mesh
#        1.0.0\Projects\zstack\Samples\DemoApp\CC2530DB\..\..\..\..\..\Components\zmac\"
#        -I "E:\Sensordinges\Z-Stack Mesh 1.0.0\Z-Stack Mesh
#        1.0.0\Projects\zstack\Samples\DemoApp\CC2530DB\..\..\..\..\..\Components\zmac\f8w\"
#        -Oh --require_prototypes
#    List file          =  
#        E:\Sensordinges\Z-Stack Mesh 1.0.0\Z-Stack Mesh
#        1.0.0\Projects\zstack\Samples\DemoApp\CC2530DB\SensorEB\List\DemoSensor.lst
#    Object file        =  
#        E:\Sensordinges\Z-Stack Mesh 1.0.0\Z-Stack Mesh
#        1.0.0\Projects\zstack\Samples\DemoApp\CC2530DB\SensorEB\Obj\DemoSensor.r51
#
###############################################################################

E:\Sensordinges\Z-Stack Mesh 1.0.0\Z-Stack Mesh 1.0.0\Projects\zstack\Samples\DemoApp\Source\DemoSensor.c
      1          /**************************************************************************************************
      2            Filename:       DemoSensor.c
      3          
      4            Description:    Sensor application for the sensor demo utilizing the Simple API.
      5          
      6                            The sensor node is a ZigBee end device.
      7                            The sensor application binds to a gateway and will periodically
      8                            read temperature and supply voltage from the ADC and send report
      9                            towards the gateway node.
     10          
     11          
     12            Copyright 2009 Texas Instruments Incorporated. All rights reserved.
     13          
     14            IMPORTANT: Your use of this Software is limited to those specific rights
     15            granted under the terms of a software license agreement between the user
     16            who downloaded the software, his/her employer (which must be your employer)
     17            and Texas Instruments Incorporated (the "License").  You may not use this
     18            Software unless you agree to abide by the terms of the License. The License
     19            limits your use, and you acknowledge, that the Software may not be modified,
     20            copied or distributed unless embedded on a Texas Instruments microcontroller
     21            or used solely and exclusively in conjunction with a Texas Instruments radio
     22            frequency transceiver, which is integrated into your product.  Other than for
     23            the foregoing purpose, you may not use, reproduce, copy, prepare derivative
     24            works of, modify, distribute, perform, display or sell this Software and/or
     25            its documentation for any purpose.
     26          
     27            YOU FURTHER ACKNOWLEDGE AND AGREE THAT THE SOFTWARE AND DOCUMENTATION ARE
     28            PROVIDED “AS IS” WITHOUT WARRANTY OF ANY KIND, EITHER EXPRESS OR IMPLIED,
     29            INCLUDING WITHOUT LIMITATION, ANY WARRANTY OF MERCHANTABILITY, TITLE,
     30            NON-INFRINGEMENT AND FITNESS FOR A PARTICULAR PURPOSE. IN NO EVENT SHALL
     31            TEXAS INSTRUMENTS OR ITS LICENSORS BE LIABLE OR OBLIGATED UNDER CONTRACT,
     32            NEGLIGENCE, STRICT LIABILITY, CONTRIBUTION, BREACH OF WARRANTY, OR OTHER
     33            LEGAL EQUITABLE THEORY ANY DIRECT OR INDIRECT DAMAGES OR EXPENSES
     34            INCLUDING BUT NOT LIMITED TO ANY INCIDENTAL, SPECIAL, INDIRECT, PUNITIVE
     35            OR CONSEQUENTIAL DAMAGES, LOST PROFITS OR LOST DATA, COST OF PROCUREMENT
     36            OF SUBSTITUTE GOODS, TECHNOLOGY, SERVICES, OR ANY CLAIMS BY THIRD PARTIES
     37            (INCLUDING BUT NOT LIMITED TO ANY DEFENSE THEREOF), OR OTHER SIMILAR COSTS.
     38          
     39            Should you have any questions regarding your right to use this Software,
     40            contact Texas Instruments Incorporated at www.TI.com.
     41          **************************************************************************************************/
     42          
     43          /******************************************************************************
     44           * INCLUDES
     45           */
     46          
     47          #include "ZComDef.h"
     48          #include "OSAL.h"
     49          #include "sapi.h"
     50          #include "hal_key.h"
     51          #include "hal_lcd.h"
     52          #include "hal_led.h"
     53          #include "hal_adc.h"
     54          #include "hal_mcu.h"
     55          #include "hal_uart.h"
     56          #include "DemoApp.h"
     57          
     58          /******************************************************************************
     59           * CONSTANTS
     60           */
     61          #define REPORT_FAILURE_LIMIT                4
     62          #define ACK_REQ_INTERVAL                    5 // each 5th packet is sent with ACK request
     63          
     64          // Application States
     65          #define APP_INIT                            0    // Initial state
     66          #define APP_START                           1    // Sensor has joined network
     67          #define APP_BIND                            2    // Sensor is in process of binding
     68          #define APP_REPORT                          4    // Sensor is in reporting state
     69          
     70          // Application osal event identifiers
     71          // Bit mask of events ( from 0x0000 to 0x00FF )
     72          #define MY_START_EVT                        0x0001
     73          #define MY_REPORT_EVT                       0x0002
     74          #define MY_FIND_COLLECTOR_EVT               0x0004
     75          
     76          // ADC definitions for CC2430/CC2530 from the hal_adc.c file
     77          #if defined (HAL_MCU_CC2530)
     78          #define HAL_ADC_REF_125V    0x00    /* Internal 1.25V Reference */
     79          #define HAL_ADC_DEC_064     0x00    /* Decimate by 64 : 8-bit resolution */
     80          #define HAL_ADC_DEC_128     0x10    /* Decimate by 128 : 10-bit resolution */
     81          #define HAL_ADC_DEC_512     0x30    /* Decimate by 512 : 14-bit resolution */
     82          #define HAL_ADC_CHN_VDD3    0x0f    /* Input channel: VDD/3 */
     83          #define HAL_ADC_CHN_TEMP    0x0e    /* Temperature sensor */
     84          #endif // HAL_MCU_CC2530
     85          
     86          /******************************************************************************
     87           * TYPEDEFS
     88           */
     89          
     90          /******************************************************************************
     91           * LOCAL VARIABLES
     92           */
     93          

   \                                 In  segment XDATA_Z, align 1, keep-with-next
     94          static uint8 appState =           APP_INIT;
   \                     appState:
   \   000000                DS 1
   \   000001                REQUIRE __INIT_XDATA_Z

   \                                 In  segment XDATA_Z, align 1, keep-with-next
     95          static uint8 reportState =        FALSE;
   \                     reportState:
   \   000000                DS 1
   \   000001                REQUIRE __INIT_XDATA_Z
     96          

   \                                 In  segment XDATA_Z, align 1, keep-with-next
     97          static uint8 reportFailureNr =    0;
   \                     reportFailureNr:
   \   000000                DS 1
   \   000001                REQUIRE __INIT_XDATA_Z
     98          

   \                                 In  segment XDATA_Z, align 1, keep-with-next
     99          static uint16 timeDone       =    0;
   \                     timeDone:
   \   000000                DS 2
   \   000002                REQUIRE __INIT_XDATA_Z

   \                                 In  segment XDATA_I, align 1, keep-with-next
    100          static uint16 myReportPeriod =    5000;        // milliseconds
   \                     myReportPeriod:
   \   000000                DS 2
   \   000002                REQUIRE `?<Initializer for myReportPeriod>`
   \   000002                REQUIRE __INIT_XDATA_I

   \                                 In  segment XDATA_I, align 1, keep-with-next
    101          static uint16 myBindRetryDelay =  2000;        // milliseconds
   \                     myBindRetryDelay:
   \   000000                DS 2
   \   000002                REQUIRE `?<Initializer for myBindRetryDelay>`
   \   000002                REQUIRE __INIT_XDATA_I

   \                                 In  segment XDATA_I, align 1, keep-with-next
    102          static uint8 myStartRetryDelay =    10;        // milliseconds
   \                     myStartRetryDelay:
   \   000000                DS 1
   \   000001                REQUIRE `?<Initializer for myStartRetryDelay>`
   \   000001                REQUIRE __INIT_XDATA_I

   \                                 In  segment XDATA_Z, align 1, keep-with-next
    103          static uint8 oldValue = 0;
   \                     oldValue:
   \   000000                DS 1
   \   000001                REQUIRE __INIT_XDATA_Z

   \                                 In  segment XDATA_Z, align 1, keep-with-next
    104          static uint16 parentShortAddr;
   \                     parentShortAddr:
   \   000000                DS 2
   \   000002                REQUIRE __INIT_XDATA_Z
    105          
    106          /******************************************************************************
    107           * GLOBAL VARIABLES
    108           */
    109          
    110          // Inputs and Outputs for Sensor device
    111          #define NUM_OUT_CMD_SENSOR                1
    112          #define NUM_IN_CMD_SENSOR                 0
    113          
    114          // List of output and input commands for Sensor device

   \                                 In  segment XDATA_ROM_C, align 1
    115          const cId_t zb_OutCmdList[NUM_OUT_CMD_SENSOR] =
   \                     zb_OutCmdList:
   \   000000   0200         DW 2
    116          {
    117            SENSOR_REPORT_CMD_ID
    118          };
    119          
    120          // Define SimpleDescriptor for Sensor device

   \                                 In  segment XDATA_ROM_C, align 1
    121          const SimpleDescriptionFormat_t zb_SimpleDesc =
   \                     zb_SimpleDesc:
   \   000000   02           DB 2
   \   000001   200F         DW 3872
   \   000003   0100         DW 1
   \   000005   01           DB 1
   \   000006   00           DB 0
   \   000007   0000         DW 0H
   \   000009   01           DB 1
   \   00000A   ....         DW zb_OutCmdList
    122          {
    123            MY_ENDPOINT_ID,             //  Endpoint
    124            MY_PROFILE_ID,              //  Profile ID
    125            DEV_ID_SENSOR,              //  Device ID
    126            DEVICE_VERSION_SENSOR,      //  Device Version
    127            0,                          //  Reserved
    128            NUM_IN_CMD_SENSOR,          //  Number of Input Commands
    129            (cId_t *) NULL,             //  Input Command List
    130            NUM_OUT_CMD_SENSOR,         //  Number of Output Commands
    131            (cId_t *) zb_OutCmdList     //  Output Command List
    132          };
    133          
    134          /******************************************************************************
    135           * LOCAL FUNCTIONS
    136           */
    137          
    138          void uartRxCB( uint8 port, uint8 event );
    139          static void sendReport(void);
    140          static int8 readTemp(void);
    141          static uint8 readVoltage(void);
    142          
    143          /*****************************************************************************
    144           * @fn          zb_HandleOsalEvent
    145           *
    146           * @brief       The zb_HandleOsalEvent function is called by the operating
    147           *              system when a task event is set
    148           *
    149           * @param       event - Bitmask containing the events that have been set
    150           *
    151           * @return      none
    152           */

   \                                 In  segment BANKED_CODE, align 1, keep-with-next
    153          void zb_HandleOsalEvent( uint16 event )
   \                     zb_HandleOsalEvent:
    154          {
   \   000000                REQUIRE ?V0
   \   000000                REQUIRE ?V1
   \   000000                REQUIRE ?V2
   \   000000                REQUIRE ?V3
   \   000000   74F4         MOV     A,#-0xc
   \   000002   12....       LCALL   ?BANKED_ENTER_XDATA
   \   000005                ; Saved register size: 12
   \   000005                ; Auto size: 0
   \   000005   EA           MOV     A,R2
   \   000006   FE           MOV     R6,A
   \   000007   EB           MOV     A,R3
    155            if( event & SYS_EVENT_MSG )
    156            {
    157            }
    158          
    159            if( event & ZB_ENTRY_EVENT )
   \   000008   5410         ANL     A,#0x10
   \   00000A   6010         JZ      ??zb_HandleOsalEvent_0
    160            {
    161              // blind LED 1 to indicate joining a network
    162              HalLedBlink ( HAL_LED_1, 0, 50, 500 );
   \   00000C                ; Setup parameters for call to function HalLedBlink
   \   00000C   7CF4         MOV     R4,#-0xc
   \   00000E   7D01         MOV     R5,#0x1
   \   000010   7B32         MOV     R3,#0x32
   \   000012   7A00         MOV     R2,#0x0
   \   000014   7901         MOV     R1,#0x1
   \   000016   12....       LCALL   `??HalLedBlink::?relay`; Banked call to: HalLedBlink
    163          
    164              // Start the device
    165              zb_StartRequest();
   \   000019                ; Setup parameters for call to function zb_StartRequest
   \   000019   12....       LCALL   `??zb_StartRequest::?relay`; Banked call to: zb_StartRequest
    166            }
    167          
    168            if ( event & MY_START_EVT )
   \                     ??zb_HandleOsalEvent_0:
   \   00001C   EE           MOV     A,R6
   \   00001D   A2E0         MOV     C,0xE0 /* A   */.0
   \   00001F   5003         JNC     ??zb_HandleOsalEvent_1
    169            {
    170              zb_StartRequest();
   \   000021                ; Setup parameters for call to function zb_StartRequest
   \   000021   12....       LCALL   `??zb_StartRequest::?relay`; Banked call to: zb_StartRequest
    171            }
    172          
    173            if ( event & MY_REPORT_EVT )
   \                     ??zb_HandleOsalEvent_1:
   \   000024   EE           MOV     A,R6
   \   000025   5402         ANL     A,#0x2
   \   000027   6025         JZ      ??zb_HandleOsalEvent_2
    174            {
    175              if ( appState == APP_REPORT )
   \   000029   90....       MOV     DPTR,#appState
   \   00002C   E0           MOVX    A,@DPTR
   \   00002D   6404         XRL     A,#0x4
   \   00002F   701D         JNZ     ??zb_HandleOsalEvent_2
    176              {
    177                sendReport();
   \   000031                ; Setup parameters for call to function sendReport
   \   000031   12....       LCALL   `??sendReport::?relay`; Banked call to: sendReport
    178                osal_start_timerEx( sapi_TaskID, MY_REPORT_EVT, myReportPeriod );
   \   000034                ; Setup parameters for call to function osal_start_timerEx
   \   000034   90....       MOV     DPTR,#myReportPeriod
   \   000037   12....       LCALL   ?Subroutine2 & 0xFFFF
    179              }
    180            }
   \                     ??CrossCallReturnLabel_0:
   \   00003A   12....       LCALL   ?PUSH_XSTACK_I_FOUR
   \   00003D   7A02         MOV     R2,#0x2
   \   00003F   7B00         MOV     R3,#0x0
   \   000041   90....       MOV     DPTR,#sapi_TaskID
   \   000044   E0           MOVX    A,@DPTR
   \   000045   F9           MOV     R1,A
   \   000046   12....       LCALL   `??osal_start_timerEx::?relay`; Banked call to: osal_start_timerEx
   \   000049   7404         MOV     A,#0x4
   \   00004B   12....       LCALL   ?DEALLOC_XSTACK8
    181          
    182            if ( event & MY_FIND_COLLECTOR_EVT )
   \                     ??zb_HandleOsalEvent_2:
   \   00004E   EE           MOV     A,R6
   \   00004F   5404         ANL     A,#0x4
   \   000051   6034         JZ      ??zb_HandleOsalEvent_3
    183            {
    184              // Delete previous binding
    185              if ( appState == APP_REPORT )
   \   000053   90....       MOV     DPTR,#appState
   \   000056   E0           MOVX    A,@DPTR
   \   000057   6404         XRL     A,#0x4
   \   000059   700D         JNZ     ??zb_HandleOsalEvent_4
    186              {
    187                zb_BindDevice( FALSE, SENSOR_REPORT_CMD_ID, (uint8 *)NULL );
   \   00005B                ; Setup parameters for call to function zb_BindDevice
   \   00005B   7C00         MOV     R4,#0x0
   \   00005D   7D00         MOV     R5,#0x0
   \   00005F   7A02         MOV     R2,#0x2
   \   000061   7B00         MOV     R3,#0x0
   \   000063   7900         MOV     R1,#0x0
   \   000065   12....       LCALL   `??zb_BindDevice::?relay`; Banked call to: zb_BindDevice
    188              }
    189          
    190              appState = APP_BIND;
   \                     ??zb_HandleOsalEvent_4:
   \   000068   90....       MOV     DPTR,#appState
   \   00006B   7402         MOV     A,#0x2
   \   00006D   F0           MOVX    @DPTR,A
    191              // blink LED 2 to indicate discovery and binding
    192              HalLedBlink ( HAL_LED_2, 0, 50, 500 );
   \   00006E                ; Setup parameters for call to function HalLedBlink
   \   00006E   7CF4         MOV     R4,#-0xc
   \   000070   7D01         MOV     R5,#0x1
   \   000072   7B32         MOV     R3,#0x32
   \   000074   7A00         MOV     R2,#0x0
   \   000076   F9           MOV     R1,A
   \   000077   12....       LCALL   `??HalLedBlink::?relay`; Banked call to: HalLedBlink
    193          
    194              // Find and bind to a collector device
    195              zb_BindDevice( TRUE, SENSOR_REPORT_CMD_ID, (uint8 *)NULL );
   \   00007A                ; Setup parameters for call to function zb_BindDevice
   \   00007A   7C00         MOV     R4,#0x0
   \   00007C   7D00         MOV     R5,#0x0
   \   00007E   7A02         MOV     R2,#0x2
   \   000080   7B00         MOV     R3,#0x0
   \   000082   7901         MOV     R1,#0x1
   \   000084   12....       LCALL   `??zb_BindDevice::?relay`; Banked call to: zb_BindDevice
    196            }
    197          }
   \                     ??zb_HandleOsalEvent_3:
   \   000087                REQUIRE ?Subroutine0
   \   000087                ; // Fall through to label ?Subroutine0

   \                                 In  segment BANKED_CODE, align 1, keep-with-next
   \                     ?Subroutine0:
   \   000000   7F04         MOV     R7,#0x4
   \   000002   02....       LJMP    ?BANKED_LEAVE_XDATA

   \                                 In  segment BANKED_CODE, align 1, keep-with-next
   \                     ?Subroutine2:
   \   000000   E0           MOVX    A,@DPTR
   \   000001   F5..         MOV     ?V0,A
   \   000003   A3           INC     DPTR
   \   000004   E0           MOVX    A,@DPTR
   \   000005   F5..         MOV     ?V1,A
   \   000007   E4           CLR     A
   \   000008   F5..         MOV     ?V2,A
   \   00000A   F5..         MOV     ?V3,A
   \   00000C   78..         MOV     R0,#?V0
   \   00000E   22           RET
    198          
    199          /******************************************************************************
    200           * @fn      zb_HandleKeys
    201           *
    202           * @brief   Handles all key events for this device.
    203           *
    204           * @param   shift - true if in shift/alt.
    205           * @param   keys - bit field for key events. Valid entries:
    206           *                 EVAL_SW4
    207           *                 EVAL_SW3
    208           *                 EVAL_SW2
    209           *                 EVAL_SW1
    210           *
    211           * @return  none
    212           */

   \                                 In  segment BANKED_CODE, align 1, keep-with-next
    213          void zb_HandleKeys( uint8 shift, uint8 keys )
   \                     zb_HandleKeys:
    214          {
   \   000000   74F7         MOV     A,#-0x9
   \   000002   12....       LCALL   ?BANKED_ENTER_XDATA
   \   000005                ; Saved register size: 9
   \   000005                ; Auto size: 0
   \   000005   E9           MOV     A,R1
   \   000006   FE           MOV     R6,A
   \   000007   EA           MOV     A,R2
   \   000008   FF           MOV     R7,A
    215            // Shift is used to make each button/switch dual purpose.
    216            if ( shift )
   \   000009   EE           MOV     A,R6
   \   00000A   7029         JNZ     ??zb_HandleKeys_0
    217            {
    218              if ( keys & HAL_KEY_SW_1 )
    219              {
    220              }
    221              if ( keys & HAL_KEY_SW_2 )
    222              {
    223              }
    224              if ( keys & HAL_KEY_SW_3 )
    225              {
    226              }
    227              if ( keys & HAL_KEY_SW_4 )
    228              {
    229              }
    230            }
    231            else
    232            {
    233              if ( keys & HAL_KEY_SW_1 )
   \   00000C   EF           MOV     A,R7
   \   00000D   A2E0         MOV     C,0xE0 /* A   */.0
   \   00000F   5024         JNC     ??zb_HandleKeys_0
    234              {
    235                // Start reporting
    236                if ( reportState == FALSE ) {
   \   000011   90....       MOV     DPTR,#reportState
   \   000014   E0           MOVX    A,@DPTR
   \   000015   701E         JNZ     ??zb_HandleKeys_0
    237                  osal_set_event( sapi_TaskID, MY_REPORT_EVT );
   \   000017                ; Setup parameters for call to function osal_set_event
   \   000017   7A02         MOV     R2,#0x2
   \   000019   7B00         MOV     R3,#0x0
   \   00001B   90....       MOV     DPTR,#sapi_TaskID
   \   00001E   E0           MOVX    A,@DPTR
   \   00001F   F9           MOV     R1,A
   \   000020   12....       LCALL   `??osal_set_event::?relay`; Banked call to: osal_set_event
    238                  reportState = TRUE;
   \   000023   90....       MOV     DPTR,#reportState
   \   000026   7401         MOV     A,#0x1
   \   000028   F0           MOVX    @DPTR,A
    239          
    240                  // blink LED 2 to indicate reporting
    241                  HalLedBlink ( HAL_LED_2, 0, 50, 500 );
   \   000029                ; Setup parameters for call to function HalLedBlink
   \   000029   7CF4         MOV     R4,#-0xc
   \   00002B   FD           MOV     R5,A
   \   00002C   7B32         MOV     R3,#0x32
   \   00002E   7A00         MOV     R2,#0x0
   \   000030   7902         MOV     R1,#0x2
   \   000032   12....       LCALL   `??HalLedBlink::?relay`; Banked call to: HalLedBlink
    242                }
    243              }
    244              if ( keys & HAL_KEY_SW_2 )
    245              {
    246              }
    247              if ( keys & HAL_KEY_SW_3 )
    248              {
    249              }
    250              if ( keys & HAL_KEY_SW_4 )
    251              {
    252              }
    253            }
    254          }
   \                     ??zb_HandleKeys_0:
   \   000035                REQUIRE ?Subroutine1
   \   000035                ; // Fall through to label ?Subroutine1

   \                                 In  segment BANKED_CODE, align 1, keep-with-next
   \                     ?Subroutine1:
   \   000000   7F01         MOV     R7,#0x1
   \   000002   02....       LJMP    ?BANKED_LEAVE_XDATA
    255          
    256          /******************************************************************************
    257           * @fn          zb_StartConfirm
    258           *
    259           * @brief       The zb_StartConfirm callback is called by the ZigBee stack
    260           *              after a start request operation completes
    261           *
    262           * @param       status - The status of the start operation.  Status of
    263           *                       ZB_SUCCESS indicates the start operation completed
    264           *                       successfully.  Else the status is an error code.
    265           *
    266           * @return      none
    267           */

   \                                 In  segment BANKED_CODE, align 1, keep-with-next
    268          void zb_StartConfirm( uint8 status )
   \                     zb_StartConfirm:
    269          {
   \   000000                REQUIRE ?V0
   \   000000                REQUIRE ?V1
   \   000000                REQUIRE ?V2
   \   000000                REQUIRE ?V3
   \   000000   74F4         MOV     A,#-0xc
   \   000002   12....       LCALL   ?BANKED_ENTER_XDATA
   \   000005                ; Saved register size: 12
   \   000005                ; Auto size: 0
   \   000005   E9           MOV     A,R1
    270            // If the device sucessfully started, change state to running
    271            if ( status == ZB_SUCCESS )
   \   000006   7022         JNZ     ??zb_StartConfirm_0
    272            {
    273              // Change application state
    274              appState = APP_START;
   \   000008   90....       MOV     DPTR,#appState
   \   00000B   7401         MOV     A,#0x1
   \   00000D   F0           MOVX    @DPTR,A
    275          
    276              // Set LED 1 to indicate that node is operational on the network
    277              HalLedSet( HAL_LED_1, HAL_LED_MODE_ON );
   \   00000E                ; Setup parameters for call to function HalLedSet
   \   00000E   FA           MOV     R2,A
   \   00000F   F9           MOV     R1,A
   \   000010   12....       LCALL   `??HalLedSet::?relay`; Banked call to: HalLedSet
    278          
    279              // Store parent short address
    280              zb_GetDeviceInfo(ZB_INFO_PARENT_SHORT_ADDR, &parentShortAddr);
   \   000013                ; Setup parameters for call to function zb_GetDeviceInfo
   \   000013   7A..         MOV     R2,#parentShortAddr & 0xff
   \   000015   7B..         MOV     R3,#(parentShortAddr >> 8) & 0xff
   \   000017   7903         MOV     R1,#0x3
   \   000019   12....       LCALL   `??zb_GetDeviceInfo::?relay`; Banked call to: zb_GetDeviceInfo
    281          
    282              // Set event to bind to a collector
    283              osal_set_event( sapi_TaskID, MY_FIND_COLLECTOR_EVT );
   \   00001C                ; Setup parameters for call to function osal_set_event
   \   00001C   7A04         MOV     R2,#0x4
   \   00001E   7B00         MOV     R3,#0x0
   \   000020   90....       MOV     DPTR,#sapi_TaskID
   \   000023   E0           MOVX    A,@DPTR
   \   000024   F9           MOV     R1,A
   \   000025   12....       LCALL   `??osal_set_event::?relay`; Banked call to: osal_set_event
   \   000028   8023         SJMP    ??zb_StartConfirm_1
    284            }
    285            else
    286            {
    287              // Try again later with a delay
    288              osal_start_timerEx( sapi_TaskID, MY_START_EVT, myStartRetryDelay );
   \                     ??zb_StartConfirm_0:
   \   00002A                ; Setup parameters for call to function osal_start_timerEx
   \   00002A   90....       MOV     DPTR,#myStartRetryDelay
   \   00002D   E0           MOVX    A,@DPTR
   \   00002E   F5..         MOV     ?V0,A
   \   000030   E4           CLR     A
   \   000031   F5..         MOV     ?V1,A
   \   000033   F5..         MOV     ?V2,A
   \   000035   F5..         MOV     ?V3,A
   \   000037   78..         MOV     R0,#?V0
   \   000039   12....       LCALL   ?PUSH_XSTACK_I_FOUR
   \   00003C   7A01         MOV     R2,#0x1
   \   00003E   7B00         MOV     R3,#0x0
   \   000040   90....       MOV     DPTR,#sapi_TaskID
   \   000043   E0           MOVX    A,@DPTR
   \   000044   F9           MOV     R1,A
   \   000045   12....       LCALL   `??osal_start_timerEx::?relay`; Banked call to: osal_start_timerEx
   \   000048   7404         MOV     A,#0x4
   \   00004A   12....       LCALL   ?DEALLOC_XSTACK8
    289            }
    290          }
   \                     ??zb_StartConfirm_1:
   \   00004D   02....       LJMP    ?Subroutine0 & 0xFFFF
    291          
    292          /******************************************************************************
    293           * @fn          zb_SendDataConfirm
    294           *
    295           * @brief       The zb_SendDataConfirm callback function is called by the
    296           *              ZigBee after a send data operation completes
    297           *
    298           * @param       handle - The handle identifying the data transmission.
    299           *              status - The status of the operation.
    300           *
    301           * @return      none
    302           */

   \                                 In  segment BANKED_CODE, align 1, keep-with-next
    303          void zb_SendDataConfirm( uint8 handle, uint8 status )
   \                     zb_SendDataConfirm:
    304          {
   \   000000   74F7         MOV     A,#-0x9
   \   000002   12....       LCALL   ?BANKED_ENTER_XDATA
   \   000005                ; Saved register size: 9
   \   000005                ; Auto size: 0
   \   000005   EA           MOV     A,R2
    305            if(status != ZB_SUCCESS)
   \   000006   6029         JZ      ??zb_SendDataConfirm_0
    306            {
    307              if ( ++reportFailureNr >= REPORT_FAILURE_LIMIT )
   \   000008   90....       MOV     DPTR,#reportFailureNr
   \   00000B   E0           MOVX    A,@DPTR
   \   00000C   04           INC     A
   \   00000D   F0           MOVX    @DPTR,A
   \   00000E   C3           CLR     C
   \   00000F   9404         SUBB    A,#0x4
   \   000011   4023         JC      ??zb_SendDataConfirm_1
    308              {
    309                 // Stop reporting
    310                 osal_stop_timerEx( sapi_TaskID, MY_REPORT_EVT );
   \   000013                ; Setup parameters for call to function osal_stop_timerEx
   \   000013   7A02         MOV     R2,#0x2
   \   000015   7B00         MOV     R3,#0x0
   \   000017   90....       MOV     DPTR,#sapi_TaskID
   \   00001A   E0           MOVX    A,@DPTR
   \   00001B   F9           MOV     R1,A
   \   00001C   12....       LCALL   `??osal_stop_timerEx::?relay`; Banked call to: osal_stop_timerEx
    311          
    312                 // After failure start reporting automatically when the device
    313                 // is binded to a new gateway
    314                 reportState = TRUE;
   \   00001F   90....       MOV     DPTR,#reportState
   \   000022   7401         MOV     A,#0x1
   \   000024   F0           MOVX    @DPTR,A
    315          
    316                 // Try binding to a new gateway
    317                 osal_set_event( sapi_TaskID, MY_FIND_COLLECTOR_EVT );
   \   000025                ; Setup parameters for call to function osal_set_event
   \   000025   7A04         MOV     R2,#0x4
   \   000027   7B00         MOV     R3,#0x0
   \   000029   90....       MOV     DPTR,#sapi_TaskID
   \   00002C   E0           MOVX    A,@DPTR
   \   00002D   F9           MOV     R1,A
   \   00002E   12....       LCALL   `??osal_set_event::?relay`; Banked call to: osal_set_event
    318                 reportFailureNr = 0;
    319              }
    320            }
    321            // status == SUCCESS
    322            else
    323            {
    324              // Reset failure counter
    325              reportFailureNr = 0;
   \                     ??zb_SendDataConfirm_0:
   \   000031   90....       MOV     DPTR,#reportFailureNr
   \   000034   E4           CLR     A
   \   000035   F0           MOVX    @DPTR,A
    326            }
    327          }
   \                     ??zb_SendDataConfirm_1:
   \   000036   02....       LJMP    ?Subroutine1 & 0xFFFF
    328          
    329          /******************************************************************************
    330           * @fn          zb_BindConfirm
    331           *
    332           * @brief       The zb_BindConfirm callback is called by the ZigBee stack
    333           *              after a bind operation completes.
    334           *
    335           * @param       commandId - The command ID of the binding being confirmed.
    336           *              status - The status of the bind operation.
    337           *
    338           * @return      none
    339           */

   \                                 In  segment BANKED_CODE, align 1, keep-with-next
    340          void zb_BindConfirm( uint16 commandId, uint8 status )
   \                     zb_BindConfirm:
    341          {
   \   000000                REQUIRE ?V0
   \   000000                REQUIRE ?V1
   \   000000                REQUIRE ?V2
   \   000000                REQUIRE ?V3
   \   000000   74F4         MOV     A,#-0xc
   \   000002   12....       LCALL   ?BANKED_ENTER_XDATA
   \   000005                ; Saved register size: 12
   \   000005                ; Auto size: 0
   \   000005   E9           MOV     A,R1
    342            if( status == ZB_SUCCESS )
   \   000006   702E         JNZ     ??zb_BindConfirm_0
    343            {
    344              appState = APP_REPORT;
   \   000008   90....       MOV     DPTR,#appState
   \   00000B   7404         MOV     A,#0x4
   \   00000D   F0           MOVX    @DPTR,A
    345              HalLedSet( HAL_LED_2, HAL_LED_MODE_OFF );
   \   00000E                ; Setup parameters for call to function HalLedSet
   \   00000E   7A00         MOV     R2,#0x0
   \   000010   7902         MOV     R1,#0x2
   \   000012   12....       LCALL   `??HalLedSet::?relay`; Banked call to: HalLedSet
    346          
    347              // After failure reporting start automatically when the device
    348              // is binded to a new gateway
    349              if ( reportState )
   \   000015   90....       MOV     DPTR,#reportState
   \   000018   E0           MOVX    A,@DPTR
   \   000019   6035         JZ      ??zb_BindConfirm_1
    350              {
    351                // blink LED 2 to indicate reporting
    352                HalLedBlink ( HAL_LED_2, 0, 50, 500 );
   \   00001B                ; Setup parameters for call to function HalLedBlink
   \   00001B   7CF4         MOV     R4,#-0xc
   \   00001D   7D01         MOV     R5,#0x1
   \   00001F   7B32         MOV     R3,#0x32
   \   000021   7A00         MOV     R2,#0x0
   \   000023   7902         MOV     R1,#0x2
   \   000025   12....       LCALL   `??HalLedBlink::?relay`; Banked call to: HalLedBlink
    353          
    354                // Start reporting
    355                osal_set_event( sapi_TaskID, MY_REPORT_EVT );
   \   000028                ; Setup parameters for call to function osal_set_event
   \   000028   7A02         MOV     R2,#0x2
   \   00002A   7B00         MOV     R3,#0x0
   \   00002C   90....       MOV     DPTR,#sapi_TaskID
   \   00002F   E0           MOVX    A,@DPTR
   \   000030   F9           MOV     R1,A
   \   000031   12....       LCALL   `??osal_set_event::?relay`; Banked call to: osal_set_event
   \   000034   801A         SJMP    ??zb_BindConfirm_1
    356              }
    357            }
    358            else
    359            {
    360              osal_start_timerEx( sapi_TaskID, MY_FIND_COLLECTOR_EVT, myBindRetryDelay );
   \                     ??zb_BindConfirm_0:
   \   000036                ; Setup parameters for call to function osal_start_timerEx
   \   000036   90....       MOV     DPTR,#myBindRetryDelay
   \   000039   12....       LCALL   ?Subroutine2 & 0xFFFF
    361            }
   \                     ??CrossCallReturnLabel_1:
   \   00003C   12....       LCALL   ?PUSH_XSTACK_I_FOUR
   \   00003F   7A04         MOV     R2,#0x4
   \   000041   7B00         MOV     R3,#0x0
   \   000043   90....       MOV     DPTR,#sapi_TaskID
   \   000046   E0           MOVX    A,@DPTR
   \   000047   F9           MOV     R1,A
   \   000048   12....       LCALL   `??osal_start_timerEx::?relay`; Banked call to: osal_start_timerEx
   \   00004B   7404         MOV     A,#0x4
   \   00004D   12....       LCALL   ?DEALLOC_XSTACK8
    362          }
   \                     ??zb_BindConfirm_1:
   \   000050   02....       LJMP    ?Subroutine0 & 0xFFFF
    363          
    364          /******************************************************************************
    365           * @fn          zb_AllowBindConfirm
    366           *
    367           * @brief       Indicates when another device attempted to bind to this device
    368           *
    369           * @param
    370           *
    371           * @return      none
    372           */

   \                                 In  segment BANKED_CODE, align 1, keep-with-next
    373          void zb_AllowBindConfirm( uint16 source )
   \                     zb_AllowBindConfirm:
    374          {
   \   000000                ; Saved register size: 0
   \   000000                ; Auto size: 0
    375            (void)source;
    376          }
   \   000000   02....       LJMP    ?BRET
    377          
    378          /******************************************************************************
    379           * @fn          zb_FindDeviceConfirm
    380           *
    381           * @brief       The zb_FindDeviceConfirm callback function is called by the
    382           *              ZigBee stack when a find device operation completes.
    383           *
    384           * @param       searchType - The type of search that was performed.
    385           *              searchKey - Value that the search was executed on.
    386           *              result - The result of the search.
    387           *
    388           * @return      none
    389           */

   \                                 In  segment BANKED_CODE, align 1, keep-with-next
    390          void zb_FindDeviceConfirm( uint8 searchType, uint8 *searchKey, uint8 *result )
   \                     zb_FindDeviceConfirm:
    391          {
   \   000000                ; Saved register size: 0
   \   000000                ; Auto size: 0
    392            (void)searchType;
    393            (void)searchKey;
    394            (void)result;
    395          }
   \   000000   02....       LJMP    ?BRET
    396          
    397          /******************************************************************************
    398           * @fn          zb_ReceiveDataIndication
    399           *
    400           * @brief       The zb_ReceiveDataIndication callback function is called
    401           *              asynchronously by the ZigBee stack to notify the application
    402           *              when data is received from a peer device.
    403           *
    404           * @param       source - The short address of the peer device that sent the data
    405           *              command - The commandId associated with the data
    406           *              len - The number of bytes in the pData parameter
    407           *              pData - The data sent by the peer device
    408           *
    409           * @return      none
    410           */

   \                                 In  segment BANKED_CODE, align 1, keep-with-next
    411          void zb_ReceiveDataIndication( uint16 source, uint16 command, uint16 len, uint8 *pData  )
   \                     zb_ReceiveDataIndication:
    412          {
   \   000000                ; Saved register size: 0
   \   000000                ; Auto size: 0
    413            (void)source;
    414            (void)command;
    415            (void)len;
    416            (void)pData;
    417          }
   \   000000   02....       LJMP    ?BRET
    418          
    419          /******************************************************************************
    420           * @fn          uartRxCB
    421           *
    422           * @brief       Callback function for UART
    423           *
    424           * @param       port - UART port
    425           *              event - UART event that caused callback
    426           *
    427           * @return      none
    428           */

   \                                 In  segment BANKED_CODE, align 1, keep-with-next
    429          void uartRxCB( uint8 port, uint8 event )
   \                     uartRxCB:
    430          {
   \   000000                ; Saved register size: 0
   \   000000                ; Auto size: 0
    431            (void)port;
    432            (void)event;
    433          }
   \   000000   02....       LJMP    ?BRET
    434          
    435          /******************************************************************************
    436           * @fn          sendReport
    437           *
    438           * @brief       Send sensor report
    439           *
    440           * @param       none
    441           *
    442           * @return      none
    443           */

   \                                 In  segment BANKED_CODE, align 1, keep-with-next
    444          static void sendReport(void)
   \                     sendReport:
    445          {
   \   000000                REQUIRE ?V0
   \   000000                REQUIRE ?V1
   \   000000                REQUIRE ?V2
   \   000000                REQUIRE ?V3
   \   000000                REQUIRE ?V4
   \   000000                REQUIRE ?V5
   \   000000                REQUIRE ?V6
   \   000000                REQUIRE ?V7
   \   000000   74F0         MOV     A,#-0x10
   \   000002   12....       LCALL   ?BANKED_ENTER_XDATA
   \   000005                ; Saved register size: 16
   \   000005                ; Auto size: 4
   \   000005   74FC         MOV     A,#-0x4
   \   000007   12....       LCALL   ?ALLOC_XSTACK8
    446            uint8 pData[SENSOR_REPORT_LENGTH];
    447            static uint8 reportNr = 0;
    448            uint8 txOptions;
    449          
    450            // Read and report temperature value
    451            pData[SENSOR_TEMP_OFFSET] = readTemp();
   \   00000A                ; Setup parameters for call to function HalReadTemp
   \   00000A   12....       LCALL   `??HalReadTemp::?relay`; Banked call to: HalReadTemp
   \   00000D   8A..         MOV     ?V0,R2
   \   00000F   8B..         MOV     ?V1,R3
   \   000011   7404         MOV     A,#0x4
   \   000013   78..         MOV     R0,#?V0
   \   000015   12....       LCALL   ?US_SHR
   \   000018   A8..         MOV     R0,?V0
   \   00001A   A9..         MOV     R1,?V1
   \   00001C   90....       MOV     DPTR,#??bCalibrate
   \   00001F   E0           MOVX    A,@DPTR
   \   000020   600D         JZ      ??sendReport_0
   \   000022   90....       MOV     DPTR,#??voltageAtTemp22
   \   000025   E8           MOV     A,R0
   \   000026   F0           MOVX    @DPTR,A
   \   000027   A3           INC     DPTR
   \   000028   E9           MOV     A,R1
   \   000029   F0           MOVX    @DPTR,A
   \   00002A   90....       MOV     DPTR,#??bCalibrate
   \   00002D   E4           CLR     A
   \   00002E   F0           MOVX    @DPTR,A
   \                     ??sendReport_0:
   \   00002F   90....       MOV     DPTR,#??voltageAtTemp22
   \   000032   E0           MOVX    A,@DPTR
   \   000033   FA           MOV     R2,A
   \   000034   A3           INC     DPTR
   \   000035   E0           MOVX    A,@DPTR
   \   000036   FB           MOV     R3,A
   \   000037   E8           MOV     A,R0
   \   000038   C3           CLR     C
   \   000039   9A           SUBB    A,R2
   \   00003A   F5..         MOV     ?V0,A
   \   00003C   E9           MOV     A,R1
   \   00003D   9B           SUBB    A,R3
   \   00003E   F5..         MOV     ?V1,A
   \   000040   7402         MOV     A,#0x2
   \   000042   78..         MOV     R0,#?V0
   \   000044   12....       LCALL   ?US_SHR
   \   000047   E5..         MOV     A,?V0
   \   000049   2416         ADD     A,#0x16
   \   00004B   F8           MOV     R0,A
   \   00004C   C3           CLR     C
   \   00004D   9464         SUBB    A,#0x64
   \   00004F   A2D2         MOV     C,0xD0 /* PSW */.2
   \   000051   65D0         XRL     A,PSW
   \   000053   33           RLC     A
   \   000054   4004         JC      ??sendReport_1
   \   000056   7E64         MOV     R6,#0x64
   \   000058   8011         SJMP    ??sendReport_2
   \                     ??sendReport_1:
   \   00005A   E8           MOV     A,R0
   \   00005B   C3           CLR     C
   \   00005C   9401         SUBB    A,#0x1
   \   00005E   A2D2         MOV     C,0xD0 /* PSW */.2
   \   000060   65D0         XRL     A,PSW
   \   000062   33           RLC     A
   \   000063   5004         JNC     ??sendReport_3
   \   000065   7E00         MOV     R6,#0x0
   \   000067   8002         SJMP    ??sendReport_2
   \                     ??sendReport_3:
   \   000069   E8           MOV     A,R0
   \   00006A   FE           MOV     R6,A
   \                     ??sendReport_2:
   \   00006B   EE           MOV     A,R6
   \   00006C   85..82       MOV     DPL,?XSP + 0
   \   00006F   85..83       MOV     DPH,?XSP + 1
   \   000072   F0           MOVX    @DPTR,A
    452          
    453            // Read and report voltage value
    454            pData[SENSOR_VOLTAGE_OFFSET] = readVoltage();
   \   000073                ; Setup parameters for call to function HalReadTemp
   \   000073   12....       LCALL   `??HalReadTemp::?relay`; Banked call to: HalReadTemp
   \   000076   8A..         MOV     ?V0,R2
   \   000078   8B..         MOV     ?V1,R3
   \   00007A   7406         MOV     A,#0x6
   \   00007C   78..         MOV     R0,#?V0
   \   00007E   12....       LCALL   ?US_SHR
   \   000081   F5..         MOV     ?V2,A
   \   000083   F5..         MOV     ?V3,A
   \   000085   78..         MOV     R0,#?V0
   \   000087   12....       LCALL   ?UL_TO_FLT
   \   00008A   90....       MOV     DPTR,#__Constant_42160000
   \   00008D   78..         MOV     R0,#?V4
   \   00008F   12....       LCALL   ?L_MOV_X
   \   000092   78..         MOV     R0,#?V0
   \   000094   79..         MOV     R1,#?V4
   \   000096   12....       LCALL   ?FLT_MUL
   \   000099   78..         MOV     R0,#?V0
   \   00009B   12....       LCALL   ?FLT_TO_L
   \   00009E   7409         MOV     A,#0x9
   \   0000A0   78..         MOV     R0,#?V0
   \   0000A2   12....       LCALL   ?US_SHR
   \   0000A5   04           INC     A
   \   0000A6   12....       LCALL   ?XSTACK_DISP0_8
   \   0000A9   E5..         MOV     A,?V0
   \   0000AB   F0           MOVX    @DPTR,A
    455          
    456            pData[SENSOR_PARENT_OFFSET] =  HI_UINT16(parentShortAddr);
   \   0000AC   90....       MOV     DPTR,#parentShortAddr + 1
   \   0000AF   E0           MOVX    A,@DPTR
   \   0000B0   C0E0         PUSH    A
   \   0000B2   7402         MOV     A,#0x2
   \   0000B4   12....       LCALL   ?XSTACK_DISP0_8
   \   0000B7   D0E0         POP     A
   \   0000B9   F0           MOVX    @DPTR,A
    457            pData[SENSOR_PARENT_OFFSET + 1] =  LO_UINT16(parentShortAddr);
   \   0000BA   90....       MOV     DPTR,#parentShortAddr
   \   0000BD   E0           MOVX    A,@DPTR
   \   0000BE   C0E0         PUSH    A
   \   0000C0   7403         MOV     A,#0x3
   \   0000C2   12....       LCALL   ?XSTACK_DISP0_8
   \   0000C5   D0E0         POP     A
   \   0000C7   F0           MOVX    @DPTR,A
    458          
    459            // Set ACK request on each ACK_INTERVAL report
    460            // If a report failed, set ACK request on next report
    461            if ( ++reportNr<ACK_REQ_INTERVAL && reportFailureNr == 0 )
   \   0000C8   90....       MOV     DPTR,#??reportNr
   \   0000CB   E0           MOVX    A,@DPTR
   \   0000CC   04           INC     A
   \   0000CD   F0           MOVX    @DPTR,A
   \   0000CE   C3           CLR     C
   \   0000CF   9405         SUBB    A,#0x5
   \   0000D1   500A         JNC     ??sendReport_4
   \   0000D3   90....       MOV     DPTR,#reportFailureNr
   \   0000D6   E0           MOVX    A,@DPTR
   \   0000D7   7004         JNZ     ??sendReport_4
    462            {
    463              txOptions = AF_TX_OPTIONS_NONE;
   \   0000D9   7900         MOV     R1,#0x0
   \   0000DB   8007         SJMP    ??sendReport_5
    464            }
    465            else
    466            {
    467              txOptions = AF_MSG_ACK_REQUEST;
   \                     ??sendReport_4:
   \   0000DD   7910         MOV     R1,#0x10
    468              reportNr = 0;
   \   0000DF   90....       MOV     DPTR,#??reportNr
   \   0000E2   E4           CLR     A
   \   0000E3   F0           MOVX    @DPTR,A
    469            }
    470            // Destination address 0xFFFE: Destination address is sent to previously
    471            // established binding for the commandId.
    472            // printf("%i %i",pData[SENSOR_TEMP_OFFSET],oldValue);
    473            if(timeDone >= 60000){
   \                     ??sendReport_5:
   \   0000E4   90....       MOV     DPTR,#timeDone
   \   0000E7   C3           CLR     C
   \   0000E8   E0           MOVX    A,@DPTR
   \   0000E9   9460         SUBB    A,#0x60
   \   0000EB   A3           INC     DPTR
   \   0000EC   E0           MOVX    A,@DPTR
   \   0000ED   94EA         SUBB    A,#-0x16
   \   0000EF   400C         JC      ??sendReport_6
    474              timeDone += 1;
   \   0000F1   90....       MOV     DPTR,#timeDone
   \   0000F4   E0           MOVX    A,@DPTR
   \   0000F5   2401         ADD     A,#0x1
   \   0000F7   F0           MOVX    @DPTR,A
   \   0000F8   A3           INC     DPTR
   \   0000F9   E0           MOVX    A,@DPTR
   \   0000FA   3400         ADDC    A,#0x0
   \   0000FC   F0           MOVX    @DPTR,A
    475            }
    476            if(pData[SENSOR_TEMP_OFFSET] != oldValue && timeDone >= 60000){
   \                     ??sendReport_6:
   \   0000FD   85..82       MOV     DPL,?XSP + 0
   \   000100   85..83       MOV     DPH,?XSP + 1
   \   000103   E0           MOVX    A,@DPTR
   \   000104   F8           MOV     R0,A
   \   000105   90....       MOV     DPTR,#oldValue
   \   000108   E0           MOVX    A,@DPTR
   \   000109   68           XRL     A,R0
   \   00010A   6058         JZ      ??sendReport_7
   \   00010C   90....       MOV     DPTR,#timeDone
   \   00010F   C3           CLR     C
   \   000110   E0           MOVX    A,@DPTR
   \   000111   9460         SUBB    A,#0x60
   \   000113   A3           INC     DPTR
   \   000114   E0           MOVX    A,@DPTR
   \   000115   94EA         SUBB    A,#-0x16
   \   000117   404B         JC      ??sendReport_7
    477              oldValue = pData[SENSOR_TEMP_OFFSET];
   \   000119   85..82       MOV     DPL,?XSP + 0
   \   00011C   85..83       MOV     DPH,?XSP + 1
   \   00011F   E0           MOVX    A,@DPTR
   \   000120   90....       MOV     DPTR,#oldValue
   \   000123   F0           MOVX    @DPTR,A
    478              zb_SendDataRequest( 0xFFFE, SENSOR_REPORT_CMD_ID, SENSOR_REPORT_LENGTH, pData, 0, txOptions, 0 );
   \   000124                ; Setup parameters for call to function zb_SendDataRequest
   \   000124   75..00       MOV     ?V0,#0x0
   \   000127   78..         MOV     R0,#?V0
   \   000129   12....       LCALL   ?PUSH_XSTACK_I_ONE
   \   00012C   E9           MOV     A,R1
   \   00012D   F5..         MOV     ?V0,A
   \   00012F   78..         MOV     R0,#?V0
   \   000131   12....       LCALL   ?PUSH_XSTACK_I_ONE
   \   000134   75..00       MOV     ?V0,#0x0
   \   000137   78..         MOV     R0,#?V0
   \   000139   12....       LCALL   ?PUSH_XSTACK_I_ONE
   \   00013C   7403         MOV     A,#0x3
   \   00013E   12....       LCALL   ?XSTACK_DISP100_8
   \   000141   88..         MOV     ?V0,R0
   \   000143   89..         MOV     ?V1,R1
   \   000145   78..         MOV     R0,#?V0
   \   000147   12....       LCALL   ?PUSH_XSTACK_I_TWO
   \   00014A   7904         MOV     R1,#0x4
   \   00014C   7C02         MOV     R4,#0x2
   \   00014E   7D00         MOV     R5,#0x0
   \   000150   7AFE         MOV     R2,#-0x2
   \   000152   7BFF         MOV     R3,#-0x1
   \   000154   12....       LCALL   `??zb_SendDataRequest::?relay`; Banked call to: zb_SendDataRequest
   \   000157   7405         MOV     A,#0x5
   \   000159   12....       LCALL   ?DEALLOC_XSTACK8
    479              timeDone = 0;
   \   00015C   90....       MOV     DPTR,#timeDone
   \   00015F   E4           CLR     A
   \   000160   F0           MOVX    @DPTR,A
   \   000161   A3           INC     DPTR
   \   000162   8011         SJMP    ??sendReport_8
    480            } else {
    481              timeDone += myReportPeriod;
   \                     ??sendReport_7:
   \   000164   90....       MOV     DPTR,#myReportPeriod
   \   000167   E0           MOVX    A,@DPTR
   \   000168   F8           MOV     R0,A
   \   000169   A3           INC     DPTR
   \   00016A   E0           MOVX    A,@DPTR
   \   00016B   F9           MOV     R1,A
   \   00016C   90....       MOV     DPTR,#timeDone
   \   00016F   E0           MOVX    A,@DPTR
   \   000170   28           ADD     A,R0
   \   000171   F0           MOVX    @DPTR,A
   \   000172   A3           INC     DPTR
   \   000173   E0           MOVX    A,@DPTR
   \   000174   39           ADDC    A,R1
   \                     ??sendReport_8:
   \   000175   F0           MOVX    @DPTR,A
    482            }
    483          }
   \   000176   7404         MOV     A,#0x4
   \   000178   12....       LCALL   ?DEALLOC_XSTACK8
   \   00017B   7F08         MOV     R7,#0x8
   \   00017D   02....       LJMP    ?BANKED_LEAVE_XDATA

   \                                 In  segment XDATA_Z, align 1, keep-with-next
   \                     ??reportNr:
   \   000000                DS 1
   \   000001                REQUIRE __INIT_XDATA_Z
    484          /******************************************************************************
    485           * @fn          readTemp
    486           *
    487           * @brief       read temperature from ADC
    488           *
    489           * @param       none
    490           *
    491           * @return      temperature
    492           */
    493          static int8 readTemp(void)
    494          {

   \                                 In  segment XDATA_Z, align 1, keep-with-next
    495            static uint16 voltageAtTemp22;
   \                     ??voltageAtTemp22:
   \   000000                DS 2
   \   000002                REQUIRE __INIT_XDATA_Z

   \                                 In  segment XDATA_I, align 1, keep-with-next
    496            static uint8 bCalibrate = TRUE; // Calibrate the first time the temp sensor is read
   \                     ??bCalibrate:
   \   000000                DS 1
   \   000001                REQUIRE `?<Initializer for bCalibrate>`
   \   000001                REQUIRE __INIT_XDATA_I

   \                                 In  segment XDATA_ID, align 1, keep-with-next
   \                     `?<Initializer for myReportPeriod>`:
   \   000000   8813         DW 5000

   \                                 In  segment XDATA_ID, align 1, keep-with-next
   \                     `?<Initializer for myBindRetryDelay>`:
   \   000000   D007         DW 2000

   \                                 In  segment XDATA_ID, align 1, keep-with-next
   \                     `?<Initializer for myStartRetryDelay>`:
   \   000000   0A           DB 10

   \                                 In  segment XDATA_ID, align 1, keep-with-next
   \                     `?<Initializer for bCalibrate>`:
   \   000000   01           DB 1

   \                                 In  segment XDATA_ROM_C, align 1
   \                     __Constant_42160000:
   \   000000   00001642     DD 42160000H

   \                                 In  segment BANK_RELAYS, align 1
   \                     `??zb_HandleOsalEvent::?relay`:
   \   000000   12....       LCALL   ?BDISPATCH
   \   000003   ......       DC24    zb_HandleOsalEvent

   \                                 In  segment BANK_RELAYS, align 1
   \                     `??zb_HandleKeys::?relay`:
   \   000000   12....       LCALL   ?BDISPATCH
   \   000003   ......       DC24    zb_HandleKeys

   \                                 In  segment BANK_RELAYS, align 1
   \                     `??zb_StartConfirm::?relay`:
   \   000000   12....       LCALL   ?BDISPATCH
   \   000003   ......       DC24    zb_StartConfirm

   \                                 In  segment BANK_RELAYS, align 1
   \                     `??zb_SendDataConfirm::?relay`:
   \   000000   12....       LCALL   ?BDISPATCH
   \   000003   ......       DC24    zb_SendDataConfirm

   \                                 In  segment BANK_RELAYS, align 1
   \                     `??zb_BindConfirm::?relay`:
   \   000000   12....       LCALL   ?BDISPATCH
   \   000003   ......       DC24    zb_BindConfirm

   \                                 In  segment BANK_RELAYS, align 1
   \                     `??zb_AllowBindConfirm::?relay`:
   \   000000   12....       LCALL   ?BDISPATCH
   \   000003   ......       DC24    zb_AllowBindConfirm

   \                                 In  segment BANK_RELAYS, align 1
   \                     `??zb_FindDeviceConfirm::?relay`:
   \   000000   12....       LCALL   ?BDISPATCH
   \   000003   ......       DC24    zb_FindDeviceConfirm

   \                                 In  segment BANK_RELAYS, align 1
   \                     `??zb_ReceiveDataIndication::?relay`:
   \   000000   12....       LCALL   ?BDISPATCH
   \   000003   ......       DC24    zb_ReceiveDataIndication

   \                                 In  segment BANK_RELAYS, align 1
   \                     `??uartRxCB::?relay`:
   \   000000   12....       LCALL   ?BDISPATCH
   \   000003   ......       DC24    uartRxCB

   \                                 In  segment BANK_RELAYS, align 1
   \                     `??sendReport::?relay`:
   \   000000   12....       LCALL   ?BDISPATCH
   \   000003   ......       DC24    sendReport
    497            uint16 value;
    498            int8 temp;
    499          
    500            #if defined (HAL_MCU_CC2530)
    501            /*
    502             * Use the ADC to read the temperature
    503             */
    504            value = HalReadTemp();
    505          
    506            // Use the 12 MSB of adcValue
    507            value >>= 4;
    508          
    509            /*
    510             * These parameters are typical values and need to be calibrated
    511             * See the datasheet for the appropriate chip for more details
    512             * also, the math below may not be very accurate
    513             */
    514            /* Assume ADC = 1480 at 25C and ADC = 4/C */
    515            #define VOLTAGE_AT_TEMP_25        1480
    516            #define TEMP_COEFFICIENT          4
    517          
    518            // Calibrate for 22C the first time the temp sensor is read.
    519            // This will assume that the demo is started up in temperature of 22C
    520            if ( bCalibrate ) {
    521              voltageAtTemp22 = value;
    522              bCalibrate = FALSE;
    523            }
    524          
    525            temp = 22 + ( (value - voltageAtTemp22) / TEMP_COEFFICIENT );
    526          
    527            // Set 0C as minimum temperature, and 100C as max
    528            if ( temp >= 100 )
    529            {
    530              return 100;
    531            }
    532            else if ( temp <= 0 ) {
    533              return 0;
    534            }
    535            else {
    536              return temp;
    537            }
    538            // Only CC2530 is supported
    539            #else
    540            return 0;
    541            #endif
    542          }
    543          
    544          /******************************************************************************
    545           * @fn          readVoltage
    546           *
    547           * @brief       read voltage from ADC
    548           *
    549           * @param       none
    550           *
    551           * @return      voltage
    552           */
    553          static uint8 readVoltage(void)
    554          {
    555            #if defined (HAL_MCU_CC2530)
    556            /*
    557             * Use the ADC to read the bus voltage
    558             */
    559            uint16 value = HalReadTemp();
    560          
    561            // value now contains measurement of Vdd/3
    562            // 0 indicates 0V and 32767 indicates 1.25V
    563            // voltage = (value*3*1.25)/32767 volts
    564            // we will multiply by this by 10 to allow units of 0.1 volts
    565            value = value >> 6;   // divide first by 2^6
    566            value = (uint16)(value * 37.5);
    567            value = value >> 9;   // ...and later by 2^9...to prevent overflow during multiplication
    568          
    569            return value;
    570            #else
    571            return 0;
    572            #endif // CC2530
    573          }

   Maximum stack usage in bytes:

   ISTACK XSTACK Function
   ------ ------ --------
      1     37   sendReport
        0     20   -> HalReadTemp
        0     25   -> zb_SendDataRequest
      0      0   uartRxCB
      0      0   zb_AllowBindConfirm
      0     16   zb_BindConfirm
        0     12   -> HalLedBlink
        0     12   -> HalLedSet
        0     12   -> osal_set_event
        0     16   -> osal_start_timerEx
      0      0   zb_FindDeviceConfirm
      0      9   zb_HandleKeys
        0      9   -> HalLedBlink
        0      9   -> osal_set_event
      0     16   zb_HandleOsalEvent
        0     12   -> HalLedBlink
        0     16   -> osal_start_timerEx
        0     12   -> sendReport
        0     12   -> zb_BindDevice
        0     12   -> zb_StartRequest
      0      4   zb_ReceiveDataIndication
      0      9   zb_SendDataConfirm
        0      9   -> osal_set_event
        0      9   -> osal_stop_timerEx
      0     16   zb_StartConfirm
        0     12   -> HalLedSet
        0     12   -> osal_set_event
        0     16   -> osal_start_timerEx
        0     12   -> zb_GetDeviceInfo


   Segment part sizes:

   Bytes  Function/Label
   -----  --------------
       1  ?<Initializer for bCalibrate>
       2  ?<Initializer for myBindRetryDelay>
       2  ?<Initializer for myReportPeriod>
       1  ?<Initializer for myStartRetryDelay>
       5  ?Subroutine0
       5  ?Subroutine1
      15  ?Subroutine2
       4  __Constant_42160000
       1  appState
       1  bCalibrate
       2  myBindRetryDelay
       2  myReportPeriod
       1  myStartRetryDelay
       1  oldValue
       2  parentShortAddr
       1  reportFailureNr
       1  reportNr
       1  reportState
     384  sendReport
       6  sendReport::?relay
       2  timeDone
       3  uartRxCB
       6  uartRxCB::?relay
       2  voltageAtTemp22
       3  zb_AllowBindConfirm
       6  zb_AllowBindConfirm::?relay
      83  zb_BindConfirm
       6  zb_BindConfirm::?relay
       3  zb_FindDeviceConfirm
       6  zb_FindDeviceConfirm::?relay
      53  zb_HandleKeys
       6  zb_HandleKeys::?relay
     135  zb_HandleOsalEvent
       6  zb_HandleOsalEvent::?relay
       2  zb_OutCmdList
       3  zb_ReceiveDataIndication
       6  zb_ReceiveDataIndication::?relay
      57  zb_SendDataConfirm
       6  zb_SendDataConfirm::?relay
      12  zb_SimpleDesc
      80  zb_StartConfirm
       6  zb_StartConfirm::?relay

 
 829 bytes in segment BANKED_CODE
  60 bytes in segment BANK_RELAYS
   6 bytes in segment XDATA_I
   6 bytes in segment XDATA_ID
  18 bytes in segment XDATA_ROM_C
  11 bytes in segment XDATA_Z
 
 895 bytes of CODE  memory
  14 bytes of CONST memory (+ 4 bytes shared)
  17 bytes of XDATA memory

Errors: none
Warnings: none
